* using log directory 'C:/Users/dbati/Documents/spa/statlab.Rcheck'
* using R version 4.6.1 (2026-06-24 ucrt)
* using platform: x86_64-w64-mingw32
* R was compiled by
    gcc.exe (GCC) 14.3.0
    GNU Fortran (GCC) 14.3.0
* running under: Windows 11 x64 (build 26200)
* using session charset: UTF-8
* current time: 2026-07-22 15:06:57 UTC
* using options '--no-manual --no-build-vignettes'
* checking for file 'statlab/DESCRIPTION' ... OK
* this is package 'statlab' version '0.0.1'
* package encoding: UTF-8
* checking package namespace information ... OK
* checking package dependencies ... ERROR
Packages required but not available:
  'flextable', 'ggpubr', 'ggsignif', 'gt', 'gtsummary', 'optparse',
  'powerjoin', 'quarto', 'rstatix', 'shinyFiles', 'stringdist',
  'targets'

Package suggested but not available: 'openxlsx'

The suggested packages are required for a complete check.
Checking can be attempted without them by setting the environment
variable _R_CHECK_FORCE_SUGGESTS_ to a false value.

See section 'The DESCRIPTION file' in the 'Writing R Extensions'
manual.
* DONE
Status: 1 ERROR
